<?xml version="1.0" encoding="UTF-8"?>
<testsuite xmlns:xsi="http://www.w3.org/2001/XMLSchema-instance" xsi:noNamespaceSchemaLocation="https://maven.apache.org/surefire/maven-surefire-plugin/xsd/surefire-test-report.xsd" name="Parallel01IT" time="0.548" tests="1" errors="1" skipped="0" failures="0">
  <properties>
[...]
</properties>
  <testcase name="Feature: Demonstrate the UI test framework" classname="Feature: Demonstrate the UI test framework" time="0.336">
    <error message="Failed to load ApplicationContext" type="java.lang.IllegalStateException">java.lang.IllegalStateException: Failed to load ApplicationContext
Caused by: org.springframework.beans.factory.BeanCreationException: Error creating bean with name 'driver' defined in com.simonkay.javaframework.configurations.springconfig.SpringConfig: Bean instantiation via factory method failed; nested exception is org.springframework.beans.BeanInstantiationException: Failed to instantiate [com.simonkay.javaframework.configurations.webdriver.Driver]: Factory method 'driver' threw exception; nested exception is java.lang.IllegalStateException: The driver executable does not exist: C:\Automation\chromedriver
Caused by: org.springframework.beans.BeanInstantiationException: Failed to instantiate [com.simonkay.javaframework.configurations.webdriver.Driver]: Factory method 'driver' threw exception; nested exception is java.lang.IllegalStateException: The driver executable does not exist: C:\Automation\chromedriver
Caused by: java.lang.IllegalStateException: The driver executable does not exist: C:\Automation\chromedriver
</error>
    <system-err><![CDATA[Dec 05, 2017 10:49:09 PM org.springframework.test.context.support.DefaultTestContextBootstrapper getDefaultTestExecutionListenerClassNames
INFO: Loaded default TestExecutionListener class names from location [META-INF/spring.factories]: [org.springframework.test.context.web.ServletTestExecutionListener, org.springframework.test.context.support.DirtiesContextBeforeModesTestExecutionListener, org.springframework.test.context.support.DependencyInjectionTestExecutionListener, org.springframework.test.context.support.DirtiesContextTestExecutionListener, org.springframework.test.context.transaction.TransactionalTestExecutionListener, org.springframework.test.context.jdbc.SqlScriptsTestExecutionListener]
Dec 05, 2017 10:49:09 PM org.springframework.test.context.support.DefaultTestContextBootstrapper instantiateListeners
INFO: Could not instantiate TestExecutionListener [org.springframework.test.context.web.ServletTestExecutionListener]. Specify custom listener classes or make the default listener classes (and their required dependencies) available. Offending class: [javax/servlet/ServletContext]
Dec 05, 2017 10:49:09 PM org.springframework.test.context.support.DefaultTestContextBootstrapper getTestExecutionListeners
INFO: Using TestExecutionListeners: [org.springframework.test.context.support.DirtiesContextBeforeModesTestExecutionListener@6fa51cd4, org.springframework.test.context.support.DependencyInjectionTestExecutionListener@2767e23c, org.springframework.test.context.support.DirtiesContextTestExecutionListener@710c2b53, org.springframework.test.context.transaction.TransactionalTestExecutionListener@5386659f, org.springframework.test.context.jdbc.SqlScriptsTestExecutionListener@14028087]
Dec 05, 2017 10:49:09 PM org.springframework.context.support.GenericApplicationContext prepareRefresh
INFO: Refreshing org.springframework.context.support.GenericApplicationContext@2a693f59: startup date [Tue Dec 05 22:49:09 GMT 2017]; root of context hierarchy
Dec 05, 2017 10:49:09 PM org.springframework.beans.factory.annotation.AutowiredAnnotationBeanPostProcessor <init>
INFO: JSR-330 'javax.inject.Inject' annotation found and supported for autowiring
Dec 05, 2017 10:49:09 PM org.springframework.context.support.GenericApplicationContext refresh
WARNING: Exception encountered during context initialization - cancelling refresh attempt: org.springframework.beans.factory.BeanCreationException: Error creating bean with name 'driver' defined in com.simonkay.javaframework.configurations.springconfig.SpringConfig: Bean instantiation via factory method failed; nested exception is org.springframework.beans.BeanInstantiationException: Failed to instantiate [com.simonkay.javaframework.configurations.webdriver.Driver]: Factory method 'driver' threw exception; nested exception is java.lang.IllegalStateException: The driver executable does not exist: C:\Automation\chromedriver
]]></system-err>
  </testcase>
</testsuite>